c:\users\callu\downloads\asteroids (1)\asteroids (1)\asteroids\asteroids\debug\vc143.pdb
c:\users\callu\downloads\asteroids (1)\asteroids (1)\asteroids\asteroids\debug\vc143.idb
c:\users\callu\downloads\asteroids (1)\asteroids (1)\asteroids\asteroids\debug\ui.obj
c:\users\callu\downloads\asteroids (1)\asteroids (1)\asteroids\asteroids\debug\powerupmanager.obj
c:\users\callu\downloads\asteroids (1)\asteroids (1)\asteroids\asteroids\debug\main.obj
c:\users\callu\downloads\asteroids (1)\asteroids (1)\asteroids\asteroids\debug\game.obj
c:\users\callu\downloads\asteroids (1)\asteroids (1)\asteroids\asteroids\debug\entity.obj
c:\users\callu\downloads\asteroids (1)\asteroids (1)\asteroids\asteroids\debug\player.obj
c:\users\callu\downloads\asteroids (1)\asteroids (1)\asteroids\asteroids\debug\asteroidmanager.obj
c:\users\callu\downloads\asteroids (1)\asteroids (1)\asteroids\asteroids\debug\asteroid.obj
c:\users\callu\downloads\asteroids (1)\asteroids (1)\asteroids\asteroids\debug\bullet.obj
c:\users\callu\downloads\asteroids (1)\asteroids (1)\asteroids\debug\asteroids.pdb
c:\users\callu\downloads\asteroids (1)\asteroids (1)\asteroids\asteroids\debug\asteroids.tlog\cl.command.1.tlog
c:\users\callu\downloads\asteroids (1)\asteroids (1)\asteroids\asteroids\debug\asteroids.tlog\cl.read.1.tlog
c:\users\callu\downloads\asteroids (1)\asteroids (1)\asteroids\asteroids\debug\asteroids.tlog\cl.write.1.tlog
c:\users\callu\downloads\asteroids (1)\asteroids (1)\asteroids\asteroids\debug\asteroids.tlog\link.9900-cvtres.read.1.tlog
c:\users\callu\downloads\asteroids (1)\asteroids (1)\asteroids\asteroids\debug\asteroids.tlog\link.9900-cvtres.write.1.tlog
c:\users\callu\downloads\asteroids (1)\asteroids (1)\asteroids\asteroids\debug\asteroids.tlog\link.9900-rc.read.1.tlog
c:\users\callu\downloads\asteroids (1)\asteroids (1)\asteroids\asteroids\debug\asteroids.tlog\link.9900-rc.write.1.tlog
c:\users\callu\downloads\asteroids (1)\asteroids (1)\asteroids\asteroids\debug\asteroids.tlog\link.9900.read.1.tlog
c:\users\callu\downloads\asteroids (1)\asteroids (1)\asteroids\asteroids\debug\asteroids.tlog\link.9900.write.1.tlog
c:\users\callu\downloads\asteroids (1)\asteroids (1)\asteroids\asteroids\debug\asteroids.tlog\link.command.1.tlog
c:\users\callu\downloads\asteroids (1)\asteroids (1)\asteroids\asteroids\debug\asteroids.tlog\link.read.1.tlog
c:\users\callu\downloads\asteroids (1)\asteroids (1)\asteroids\asteroids\debug\asteroids.tlog\link.write.1.tlog
